<?xml version="1.0" encoding="UTF-8"?>
<testng-results skipped="0" failed="0" ignored="0" total="1" passed="1">
  <reporter-output>
  </reporter-output>
  <suite name="Default suite" duration-ms="56830" started-at="2020-05-22T13:24:36 IST" finished-at="2020-05-22T13:25:33 IST">
    <groups>
    </groups>
    <test name="Default test" duration-ms="56830" started-at="2020-05-22T13:24:36 IST" finished-at="2020-05-22T13:25:33 IST">
      <class name="com.adactin.runner.Runner">
        <test-method status="PASS" signature="adactin()[pri:0, instance:com.adactin.runner.Runner@4f063c0a]" name="adactin" duration-ms="56710" started-at="2020-05-22T13:24:36 IST" finished-at="2020-05-22T13:25:33 IST">
          <reporter-output>
          </reporter-output>
        </test-method> <!-- adactin -->
      </class> <!-- com.adactin.runner.Runner -->
    </test> <!-- Default test -->
  </suite> <!-- Default suite -->
</testng-results>
